<?xml version="1.0" encoding="UTF-8"?>
<!-- Generated by org.testng.reporters.JUnitReportReporter -->
<testsuite skipped="0" hostname="linzhenzhendeMacBook-Air.local" name="GitHubTest.GitHubTest" tests="6" failures="0" timestamp="14 Dec 2017 05:22:21 GMT" time="9.077" errors="0">
  <testcase name="verifyTestName" time="5.948" classname="GitHubTest.GitHubTest"/>
  <testcase name="verifyCircuitSmoothPursuit" time="1.713" classname="GitHubTest.GitHubTest"/>
  <testcase name="verifyHorizontalSmoothPursuit" time="0.480" classname="GitHubTest.GitHubTest"/>
  <testcase name="verifyVerticalSmoothPursuit" time="0.514" classname="GitHubTest.GitHubTest"/>
  <testcase name="verifyChoiceReactionTime" time="0.199" classname="GitHubTest.GitHubTest"/>
  <testcase name="verifyDiscriminateReactionTime" time="0.223" classname="GitHubTest.GitHubTest"/>
</testsuite> <!-- GitHubTest.GitHubTest -->
